<?xml version="1.0" encoding="UTF-8"?>
<testsuite xmlns:xsi="http://www.w3.org/2001/XMLSchema-instance" xsi:noNamespaceSchemaLocation="https://maven.apache.org/surefire/maven-surefire-plugin/xsd/surefire-test-report.xsd" version="3.0.2" name="TestSuite" time="1.018" tests="9" errors="0" skipped="8" failures="1">
  <properties>
[...]
</properties>
  <testcase name="setup" classname="com.lambdatestNG.TestNG001" time="0.744">
    <failure message="&#10;Method setup requires 2 parameters but 2 were supplied in the BeforeTest annotation." type="org.testng.TestNGException"><![CDATA[org.testng.TestNGException: 

Method setup requires 2 parameters but 2 were supplied in the BeforeTest annotation.
	at org.testng.internal.Parameters.checkParameterTypes(Parameters.java:444)
	at org.testng.internal.Parameters.createParametersForMethod(Parameters.java:350)
	at org.testng.internal.Parameters.createParameters(Parameters.java:684)
	at org.testng.internal.Parameters.createConfigurationParameters(Parameters.java:166)
	at org.testng.internal.invokers.ConfigInvoker.invokeConfigurations(ConfigInvoker.java:277)
	at org.testng.TestRunner.invokeTestConfigurations(TestRunner.java:644)
	at org.testng.TestRunner.beforeRun(TestRunner.java:633)
	at org.testng.TestRunner.run(TestRunner.java:595)
	at org.testng.SuiteRunner.runTest(SuiteRunner.java:437)
	at org.testng.SuiteRunner$SuiteWorker.run(SuiteRunner.java:475)
	at org.testng.internal.thread.ThreadUtil.lambda$execute$0(ThreadUtil.java:58)
	at java.base/java.util.concurrent.FutureTask.run(FutureTask.java:264)
	at java.base/java.util.concurrent.ThreadPoolExecutor.runWorker(ThreadPoolExecutor.java:1128)
	at java.base/java.util.concurrent.ThreadPoolExecutor$Worker.run(ThreadPoolExecutor.java:628)
	at java.base/java.lang.Thread.run(Thread.java:834)
]]></failure>
    <system-err><![CDATA[SLF4J: Failed to load class "org.slf4j.impl.StaticLoggerBinder".
SLF4J: Defaulting to no-operation (NOP) logger implementation
SLF4J: See http://www.slf4j.org/codes.html#StaticLoggerBinder for further details.
]]></system-err>
  </testcase>
  <testcase name="basicTest" classname="com.lambdatestNG.TestNG001" time="0.0">
    <skipped message="&#10;Method setup requires 2 parameters but 2 were supplied in the BeforeTest annotation."/>
  </testcase>
  <testcase name="tearDown" classname="com.lambdatestNG.TestNG001" time="0.0">
    <skipped/>
  </testcase>
  <testcase name="setup" classname="com.lambdatestNG.TestNG002" time="0.0">
    <skipped/>
  </testcase>
  <testcase name="basicTest" classname="com.lambdatestNG.TestNG002" time="0.0">
    <skipped message="&#10;Method setup requires 2 parameters but 2 were supplied in the BeforeTest annotation."/>
  </testcase>
  <testcase name="tearDown" classname="com.lambdatestNG.TestNG002" time="0.0">
    <skipped/>
  </testcase>
  <testcase name="setup" classname="com.lambdatestNG.TestNG003" time="0.0">
    <skipped/>
  </testcase>
  <testcase name="basicTest" classname="com.lambdatestNG.TestNG003" time="0.0">
    <skipped message="&#10;Method setup requires 2 parameters but 2 were supplied in the BeforeTest annotation."/>
  </testcase>
  <testcase name="tearDown" classname="com.lambdatestNG.TestNG003" time="0.0">
    <skipped/>
  </testcase>
</testsuite>